#
# There is insufficient memory for the Java Runtime Environment to continue.
# Native memory allocation (malloc) failed to allocate 32744 bytes. Error detail: Chunk::new
# Possible reasons:
#   The system is out of physical RAM or swap space
#   This process is running with CompressedOops enabled, and the Java Heap may be blocking the growth of the native heap
# Possible solutions:
#   Reduce memory load on the system
#   Increase physical memory or swap space
#   Check if swap backing store is full
#   Decrease Java heap size (-Xmx/-Xms)
#   Decrease number of Java threads
#   Decrease Java thread stack sizes (-Xss)
#   Set larger code cache with -XX:ReservedCodeCacheSize=
#   JVM is running with Unscaled Compressed Oops mode in which the Java heap is
#     placed in the first 4GB address space. The Java Heap base address is the
#     maximum limit for the native heap growth. Please use -XX:HeapBaseMinAddress
#     to set the Java Heap base and to place the Java Heap above 4GB virtual address.
# This output file may be truncated or incomplete.
#
#  Out of Memory Error (arena.cpp:168), pid=6060, tid=12580
#
# JRE version: OpenJDK Runtime Environment Temurin-21.0.10+7 (21.0.10+7) (build 21.0.10+7-LTS)
# Java VM: OpenJDK 64-Bit Server VM Temurin-21.0.10+7 (21.0.10+7-LTS, mixed mode, sharing, tiered, compressed oops, compressed class ptrs, parallel gc, windows-amd64)
# No core dump will be written. Minidumps are not enabled by default on client versions of Windows
#

---------------  S U M M A R Y ------------

Command Line: --add-modules=ALL-SYSTEM --add-opens=java.base/java.util=ALL-UNNAMED --add-opens=java.base/java.lang=ALL-UNNAMED --add-opens=java.base/sun.nio.fs=ALL-UNNAMED -Declipse.application=org.eclipse.jdt.ls.core.id1 -Dosgi.bundles.defaultStartLevel=4 -Declipse.product=org.eclipse.jdt.ls.core.product -Djava.import.generatesMetadataFilesAtProjectRoot=false -DDetectVMInstallationsJob.disabled=true -Dfile.encoding=utf8 -XX:+UseParallelGC -XX:GCTimeRatio=4 -XX:AdaptiveSizePolicyWeight=90 -Dsun.zip.disableMemoryMapping=true -Xmx2G -Xms100m -Xlog:disable -javaagent:c:\Users\Elnour Tech\.vscode\extensions\redhat.java-1.54.0-win32-x64\lombok\lombok-1.18.39-4050.jar c:\Users\Elnour Tech\.vscode\extensions\redhat.java-1.54.0-win32-x64\server\plugins\org.eclipse.equinox.launcher_1.7.100.v20251111-0406.jar -configuration c:\Users\Elnour Tech\AppData\Roaming\Code\User\globalStorage\redhat.java\1.54.0\config_ss_win -data c:\Users\Elnour Tech\AppData\Roaming\Code\User\workspaceStorage\5a10c4d61e05b8084665b702d96bf186\redhat.java\ss_ws --pipe=\\.\pipe\lsp-55720fb10785e5e97bea1dda9177b7a9-sock

Host: Intel(R) Core(TM) i5-8350U CPU @ 1.70GHz, 8 cores, 7G,  Windows 11 , 64 bit Build 26100 (10.0.26100.7705)
Time: Sat May 16 15:18:58 2026 Egypt Daylight Time elapsed time: 8.010362 seconds (0d 0h 0m 8s)

---------------  T H R E A D  ---------------

Current thread (0x000002de5d048850):  JavaThread "C1 CompilerThread0" daemon [_thread_in_native, id=12580, stack(0x000000e52d700000,0x000000e52d800000) (1024K)]


Current CompileTask:
C1:8010 1703       3       java.net.URL::<init> (438 bytes)

Stack: [0x000000e52d700000,0x000000e52d800000]
Native frames: (J=compiled Java code, j=interpreted, Vv=VM code, C=native code)
V  [jvm.dll+0x6d7a39]
V  [jvm.dll+0x8b4b26]
V  [jvm.dll+0x8b70de]
V  [jvm.dll+0x8b77c3]
V  [jvm.dll+0x284346]
V  [jvm.dll+0xc66ed]
V  [jvm.dll+0xc6c31]
V  [jvm.dll+0x19d651]
V  [jvm.dll+0x1a0505]
V  [jvm.dll+0x1a0ae3]
V  [jvm.dll+0x199108]
V  [jvm.dll+0x19863d]
V  [jvm.dll+0x1a15eb]
V  [jvm.dll+0x199752]
V  [jvm.dll+0x19c782]
V  [jvm.dll+0x1573b5]
V  [jvm.dll+0x156c57]
V  [jvm.dll+0x156e84]
V  [jvm.dll+0x15629c]
V  [jvm.dll+0x15802d]
V  [jvm.dll+0x25b85d]
V  [jvm.dll+0x259dea]
V  [jvm.dll+0x3f857e]
V  [jvm.dll+0x85f59d]
V  [jvm.dll+0x6d626d]
C  [ucrtbase.dll+0x37b0]
C  [KERNEL32.DLL+0x2e8d7]
C  [ntdll.dll+0x8c40c]


---------------  P R O C E S S  ---------------

Threads class SMR info:
_java_thread_list=0x000002de5dbfd3d0, length=18, elements={
0x000002de7c8a9470, 0x000002de7ece7950, 0x000002de1630c270, 0x000002de7ecec300,
0x000002de1630cfb0, 0x000002de1630d620, 0x000002de1630dc90, 0x000002de16310640,
0x000002de5d048850, 0x000002de5d20dc80, 0x000002de5d25c510, 0x000002de5de15620,
0x000002de5d87d4b0, 0x000002de5d87f880, 0x000002de5d8805a0, 0x000002de5d871c70,
0x000002de5d873380, 0x000002de5dbfd6d0
}

Java Threads: ( => current thread )
  0x000002de7c8a9470 JavaThread "main"                              [_thread_in_native, id=13728, stack(0x000000e52cc00000,0x000000e52cd00000) (1024K)]
  0x000002de7ece7950 JavaThread "Reference Handler"          daemon [_thread_blocked, id=12752, stack(0x000000e52d000000,0x000000e52d100000) (1024K)]
  0x000002de1630c270 JavaThread "Finalizer"                  daemon [_thread_blocked, id=10960, stack(0x000000e52d100000,0x000000e52d200000) (1024K)]
  0x000002de7ecec300 JavaThread "Signal Dispatcher"          daemon [_thread_blocked, id=4852, stack(0x000000e52d200000,0x000000e52d300000) (1024K)]
  0x000002de1630cfb0 JavaThread "Attach Listener"            daemon [_thread_blocked, id=4032, stack(0x000000e52d300000,0x000000e52d400000) (1024K)]
  0x000002de1630d620 JavaThread "Service Thread"             daemon [_thread_blocked, id=3780, stack(0x000000e52d400000,0x000000e52d500000) (1024K)]
  0x000002de1630dc90 JavaThread "Monitor Deflation Thread"   daemon [_thread_blocked, id=17544, stack(0x000000e52d500000,0x000000e52d600000) (1024K)]
  0x000002de16310640 JavaThread "C2 CompilerThread0"         daemon [_thread_in_native, id=9480, stack(0x000000e52d600000,0x000000e52d700000) (1024K)]
=>0x000002de5d048850 JavaThread "C1 CompilerThread0"         daemon [_thread_in_native, id=12580, stack(0x000000e52d700000,0x000000e52d800000) (1024K)]
  0x000002de5d20dc80 JavaThread "Common-Cleaner"             daemon [_thread_blocked, id=2540, stack(0x000000e52d800000,0x000000e52d900000) (1024K)]
  0x000002de5d25c510 JavaThread "Notification Thread"        daemon [_thread_blocked, id=5692, stack(0x000000e52d900000,0x000000e52da00000) (1024K)]
  0x000002de5de15620 JavaThread "Equinox resolver thread - Equinox Container: a226f452-b6f5-4339-b2c1-427b9e6670c1" daemon [_thread_blocked, id=14448, stack(0x000000e52e100000,0x000000e52e200000) (1024K)]
  0x000002de5d87d4b0 JavaThread "Equinox resolver thread - Equinox Container: a226f452-b6f5-4339-b2c1-427b9e6670c1" daemon [_thread_blocked, id=2904, stack(0x000000e52e200000,0x000000e52e300000) (1024K)]
  0x000002de5d87f880 JavaThread "Equinox resolver thread - Equinox Container: a226f452-b6f5-4339-b2c1-427b9e6670c1" daemon [_thread_blocked, id=2612, stack(0x000000e52e300000,0x000000e52e400000) (1024K)]
  0x000002de5d8805a0 JavaThread "Equinox resolver thread - Equinox Container: a226f452-b6f5-4339-b2c1-427b9e6670c1" daemon [_thread_blocked, id=1744, stack(0x000000e52e400000,0x000000e52e500000) (1024K)]
  0x000002de5d871c70 JavaThread "Equinox resolver thread - Equinox Container: a226f452-b6f5-4339-b2c1-427b9e6670c1" daemon [_thread_blocked, id=14492, stack(0x000000e52e500000,0x000000e52e600000) (1024K)]
  0x000002de5d873380 JavaThread "Equinox resolver thread - Equinox Container: a226f452-b6f5-4339-b2c1-427b9e6670c1" daemon [_thread_blocked, id=15736, stack(0x000000e52e600000,0x000000e52e700000) (1024K)]
  0x000002de5dbfd6d0 JavaThread "Active Thread: Equinox Container: a226f452-b6f5-4339-b2c1-427b9e6670c1"        [_thread_blocked, id=7644, stack(0x000000e52da00000,0x000000e52db00000) (1024K)]
Total: 18

Other Threads:
  0x000002de7ecd1a90 VMThread "VM Thread"                           [id=6952, stack(0x000000e52cf00000,0x000000e52d000000) (1024K)]
  0x000002de1621ca00 WatcherThread "VM Periodic Task Thread"        [id=8208, stack(0x000000e52ce00000,0x000000e52cf00000) (1024K)]
  0x000002de7ec51250 WorkerThread "GC Thread#0"                     [id=5780, stack(0x000000e52cd00000,0x000000e52ce00000) (1024K)]
  0x000002de5d6dc1a0 WorkerThread "GC Thread#1"                     [id=6424, stack(0x000000e52db00000,0x000000e52dc00000) (1024K)]
  0x000002de5d7b1660 WorkerThread "GC Thread#2"                     [id=14076, stack(0x000000e52dc00000,0x000000e52dd00000) (1024K)]
  0x000002de5d6dc550 WorkerThread "GC Thread#3"                     [id=16828, stack(0x000000e52dd00000,0x000000e52de00000) (1024K)]
  0x000002de5d6dc900 WorkerThread "GC Thread#4"                     [id=12772, stack(0x000000e52de00000,0x000000e52df00000) (1024K)]
  0x000002de5d6dede0 WorkerThread "GC Thread#5"                     [id=7116, stack(0x000000e52df00000,0x000000e52e000000) (1024K)]
  0x000002de5d6df190 WorkerThread "GC Thread#6"                     [id=4664, stack(0x000000e52e000000,0x000000e52e100000) (1024K)]
Total: 9

Threads with active compile tasks:
C2 CompilerThread0  8115 1705       4       java.io.WinNTFileSystem::normalize (143 bytes)
C1 CompilerThread0  8115 1703       3       java.net.URL::<init> (438 bytes)
Total: 2

VM state: not at safepoint (normal execution)

VM Mutex/Monitor currently owned by a thread: None

Heap address: 0x0000000080000000, size: 2048 MB, Compressed Oops mode: 32-bit

CDS archive(s) mapped at: [0x000002de17000000-0x000002de17ba0000-0x000002de17ba0000), size 12189696, SharedBaseAddress: 0x000002de17000000, ArchiveRelocationMode: 1.
Compressed class space mapped at: 0x000002de18000000-0x000002de58000000, reserved size: 1073741824
Narrow klass base: 0x000002de17000000, Narrow klass shift: 0, Narrow klass range: 0x100000000

GC Precious Log:
 CardTable entry size: 512
 CPUs: 8 total, 8 available
 Memory: 7555M
 Large Page Support: Disabled
 NUMA Support: Disabled
 Compressed Oops: Enabled (32-bit)
 Alignments: Space 512K, Generation 512K, Heap 2M
 Heap Min Capacity: 100M
 Heap Initial Capacity: 100M
 Heap Max Capacity: 2G
 Pre-touch: Disabled
 Parallel Workers: 8

Heap:
 PSYoungGen      total 29696K, used 27751K [0x00000000d5580000, 0x00000000d7680000, 0x0000000100000000)
  eden space 25600K, 95% used [0x00000000d5580000,0x00000000d6d5dba8,0x00000000d6e80000)
  from space 4096K, 80% used [0x00000000d6e80000,0x00000000d71bc148,0x00000000d7280000)
  to   space 4096K, 0% used [0x00000000d7280000,0x00000000d7280000,0x00000000d7680000)
 ParOldGen       total 68608K, used 0K [0x0000000080000000, 0x0000000084300000, 0x00000000d5580000)
  object space 68608K, 0% used [0x0000000080000000,0x0000000080000000,0x0000000084300000)
 Metaspace       used 8323K, committed 8576K, reserved 1114112K
  class space    used 884K, committed 1024K, reserved 1048576K

Card table byte_map: [0x000002de7e5d0000,0x000002de7e9e0000] _byte_map_base: 0x000002de7e1d0000

Marking Bits: (ParMarkBitMap*) 0x00007ffd81833450
 Begin Bits: [0x000002de12140000, 0x000002de14140000)
 End Bits:   [0x000002de14140000, 0x000002de16140000)

Polling page: 0x000002de7c860000

Metaspace:

Usage:
  Non-class:      7.26 MB used.
      Class:    884.77 KB used.
       Both:      8.13 MB used.

Virtual space:
  Non-class space:       64.00 MB reserved,       7.38 MB ( 12%) committed,  1 nodes.
      Class space:        1.00 GB reserved,       1.00 MB ( <1%) committed,  1 nodes.
             Both:        1.06 GB reserved,       8.38 MB ( <1%) committed. 

Chunk freelists:
   Non-Class:  8.62 MB
       Class:  14.89 MB
        Both:  23.51 MB

MaxMetaspaceSize: unlimited
CompressedClassSpaceSize: 1.00 GB
Initial GC threshold: 21.00 MB
Current GC threshold: 21.00 MB
CDS: on
 - commit_granule_bytes: 65536.
 - commit_granule_words: 8192.
 - virtual_space_node_default_size: 8388608.
 - enlarge_chunks_in_place: 1.
 - use_allocation_guard: 0.


Internal statistics:

num_allocs_failed_limit: 0.
num_arena_births: 224.
num_arena_deaths: 0.
num_vsnodes_births: 2.
num_vsnodes_deaths: 0.
num_space_committed: 134.
num_space_uncommitted: 0.
num_chunks_returned_to_freelist: 0.
num_chunks_taken_from_freelist: 416.
num_chunk_merges: 0.
num_chunk_splits: 270.
num_chunks_enlarged: 186.
num_inconsistent_stats: 0.

CodeHeap 'non-profiled nmethods': size=120000Kb used=665Kb max_used=665Kb free=119334Kb
 bounds [0x000002de0ac10000, 0x000002de0ae80000, 0x000002de12140000]
CodeHeap 'profiled nmethods': size=120000Kb used=3066Kb max_used=3066Kb free=116933Kb
 bounds [0x000002de03140000, 0x000002de03440000, 0x000002de0a670000]
CodeHeap 'non-nmethods': size=5760Kb used=1210Kb max_used=1231Kb free=4549Kb
 bounds [0x000002de0a670000, 0x000002de0a8e0000, 0x000002de0ac10000]
CodeCache: size=245760Kb, used=4941Kb, max_used=4962Kb, free=240816Kb
 total_blobs=2178, nmethods=1701, adapters=384, full_count=0
Compilation: enabled, stopped_count=0, restarted_count=0

Compilation events (20 events):
Event: 6.413 Thread 0x000002de16310640 1694       4       java.lang.StringLatin1::inflate (34 bytes)
Event: 6.414 Thread 0x000002de5d048850 nmethod 1693 0x000002de0343ad90 code [0x000002de0343af60, 0x000002de0343b1b0]
Event: 6.424 Thread 0x000002de16310640 nmethod 1694 0x000002de0acb4f90 code [0x000002de0acb5120, 0x000002de0acb5320]
Event: 6.578 Thread 0x000002de16310640 1695       4       sun.nio.fs.WindowsPathParser::isSlash (18 bytes)
Event: 6.578 Thread 0x000002de16310640 nmethod 1695 0x000002de0acb5410 code [0x000002de0acb55a0, 0x000002de0acb5630]
Event: 6.648 Thread 0x000002de5d048850 1696       3       org.eclipse.osgi.framework.util.SecureAction::getProperty (31 bytes)
Event: 6.649 Thread 0x000002de5d048850 nmethod 1696 0x000002de0343b310 code [0x000002de0343b500, 0x000002de0343b958]
Event: 6.716 Thread 0x000002de5d048850 1697       3       org.eclipse.osgi.internal.framework.EquinoxConfiguration$ConfigValues::internalGet (24 bytes)
Event: 6.717 Thread 0x000002de5d048850 nmethod 1697 0x000002de0343bb10 code [0x000002de0343bd20, 0x000002de0343c318]
Event: 7.307 Thread 0x000002de16310640 1698       4       sun.nio.fs.WindowsPathParser::isInvalidPathChar (22 bytes)
Event: 7.309 Thread 0x000002de16310640 nmethod 1698 0x000002de0acb5710 code [0x000002de0acb58a0, 0x000002de0acb5a40]
Event: 7.329 Thread 0x000002de5d048850 1699       3       java.util.Collections::emptyIterator (4 bytes)
Event: 7.329 Thread 0x000002de5d048850 nmethod 1699 0x000002de0343c510 code [0x000002de0343c6a0, 0x000002de0343c798]
Event: 7.600 Thread 0x000002de16310640 1700       4       java.lang.CharacterDataLatin1::equalsIgnoreCase (63 bytes)
Event: 7.601 Thread 0x000002de16310640 nmethod 1700 0x000002de0acb5b90 code [0x000002de0acb5d20, 0x000002de0acb5dd0]
Event: 7.927 Thread 0x000002de5d048850 1701       3       sun.net.util.IPAddressUtil::checkUserInfo (44 bytes)
Event: 7.928 Thread 0x000002de5d048850 nmethod 1701 0x000002de0343c810 code [0x000002de0343caa0, 0x000002de0343d4e8]
Event: 7.966 Thread 0x000002de5d048850 1702       3       sun.net.util.IPAddressUtil::scan (62 bytes)
Event: 7.967 Thread 0x000002de5d048850 nmethod 1702 0x000002de0343d990 code [0x000002de0343dbe0, 0x000002de0343e4a0]
Event: 8.002 Thread 0x000002de5d048850 1703       3       java.net.URL::<init> (438 bytes)

GC Heap History (2 events):
Event: 3.101 GC heap before
{Heap before GC invocations=1 (full 0):
 PSYoungGen      total 29696K, used 25600K [0x00000000d5580000, 0x00000000d7680000, 0x0000000100000000)
  eden space 25600K, 100% used [0x00000000d5580000,0x00000000d6e80000,0x00000000d6e80000)
  from space 4096K, 0% used [0x00000000d7280000,0x00000000d7280000,0x00000000d7680000)
  to   space 4096K, 0% used [0x00000000d6e80000,0x00000000d6e80000,0x00000000d7280000)
 ParOldGen       total 68608K, used 0K [0x0000000080000000, 0x0000000084300000, 0x00000000d5580000)
  object space 68608K, 0% used [0x0000000080000000,0x0000000080000000,0x0000000084300000)
 Metaspace       used 4523K, committed 4736K, reserved 1114112K
  class space    used 492K, committed 576K, reserved 1048576K
}
Event: 3.166 GC heap after
{Heap after GC invocations=1 (full 0):
 PSYoungGen      total 29696K, used 3312K [0x00000000d5580000, 0x00000000d7680000, 0x0000000100000000)
  eden space 25600K, 0% used [0x00000000d5580000,0x00000000d5580000,0x00000000d6e80000)
  from space 4096K, 80% used [0x00000000d6e80000,0x00000000d71bc148,0x00000000d7280000)
  to   space 4096K, 0% used [0x00000000d7280000,0x00000000d7280000,0x00000000d7680000)
 ParOldGen       total 68608K, used 0K [0x0000000080000000, 0x0000000084300000, 0x00000000d5580000)
  object space 68608K, 0% used [0x0000000080000000,0x0000000080000000,0x0000000084300000)
 Metaspace       used 4523K, committed 4736K, reserved 1114112K
  class space    used 492K, committed 576K, reserved 1048576K
}

Dll operation events (8 events):
Event: 0.223 Loaded shared library c:\Users\Elnour Tech\.vscode\extensions\redhat.java-1.54.0-win32-x64\jre\21.0.10-win32-x86_64\bin\java.dll
Event: 0.332 Loaded shared library c:\Users\Elnour Tech\.vscode\extensions\redhat.java-1.54.0-win32-x64\jre\21.0.10-win32-x86_64\bin\zip.dll
Event: 0.585 Loaded shared library C:\Users\Elnour Tech\.vscode\extensions\redhat.java-1.54.0-win32-x64\jre\21.0.10-win32-x86_64\bin\instrument.dll
Event: 0.597 Loaded shared library C:\Users\Elnour Tech\.vscode\extensions\redhat.java-1.54.0-win32-x64\jre\21.0.10-win32-x86_64\bin\net.dll
Event: 0.601 Loaded shared library C:\Users\Elnour Tech\.vscode\extensions\redhat.java-1.54.0-win32-x64\jre\21.0.10-win32-x86_64\bin\nio.dll
Event: 0.608 Loaded shared library C:\Users\Elnour Tech\.vscode\extensions\redhat.java-1.54.0-win32-x64\jre\21.0.10-win32-x86_64\bin\zip.dll
Event: 0.697 Loaded shared library C:\Users\Elnour Tech\.vscode\extensions\redhat.java-1.54.0-win32-x64\jre\21.0.10-win32-x86_64\bin\jimage.dll
Event: 1.259 Loaded shared library c:\Users\Elnour Tech\.vscode\extensions\redhat.java-1.54.0-win32-x64\jre\21.0.10-win32-x86_64\bin\verify.dll

Deoptimization events (20 events):
Event: 4.601 Thread 0x000002de7c8a9470 DEOPT PACKING pc=0x000002de0ac53ee0 sp=0x000000e52ccfeba0
Event: 4.601 Thread 0x000002de7c8a9470 DEOPT UNPACKING pc=0x000002de0a6c3aa2 sp=0x000000e52ccfea10 mode 2
Event: 5.025 Thread 0x000002de7c8a9470 Uncommon trap: trap_request=0xffffff45 fr.pc=0x000002de0ac884d0 relative=0x00000000000000b0
Event: 5.025 Thread 0x000002de7c8a9470 Uncommon trap: reason=unstable_if action=reinterpret pc=0x000002de0ac884d0 method=java.util.concurrent.locks.ReentrantLock$NonfairSync.initialTryLock()Z @ 10 c2
Event: 5.025 Thread 0x000002de7c8a9470 DEOPT PACKING pc=0x000002de0ac884d0 sp=0x000000e52ccfee00
Event: 5.025 Thread 0x000002de7c8a9470 DEOPT UNPACKING pc=0x000002de0a6c3aa2 sp=0x000000e52ccfed90 mode 2
Event: 5.121 Thread 0x000002de7c8a9470 Uncommon trap: trap_request=0xffffff45 fr.pc=0x000002de0ac87de0 relative=0x0000000000000040
Event: 5.121 Thread 0x000002de7c8a9470 Uncommon trap: reason=unstable_if action=reinterpret pc=0x000002de0ac87de0 method=java.util.concurrent.locks.AbstractQueuedSynchronizer.signalNext(Ljava/util/concurrent/locks/AbstractQueuedSynchronizer$Node;)V @ 1 c2
Event: 5.121 Thread 0x000002de7c8a9470 DEOPT PACKING pc=0x000002de0ac87de0 sp=0x000000e52ccfec00
Event: 5.121 Thread 0x000002de7c8a9470 DEOPT UNPACKING pc=0x000002de0a6c3aa2 sp=0x000000e52ccfeb90 mode 2
Event: 5.264 Thread 0x000002de7c8a9470 Uncommon trap: trap_request=0xffffffde fr.pc=0x000002de0ac8d9a0 relative=0x0000000000000aa0
Event: 5.264 Thread 0x000002de7c8a9470 Uncommon trap: reason=class_check action=maybe_recompile pc=0x000002de0ac8d9a0 method=java.util.HashMap.putVal(ILjava/lang/Object;Ljava/lang/Object;ZZ)Ljava/lang/Object; @ 253 c2
Event: 5.264 Thread 0x000002de7c8a9470 DEOPT PACKING pc=0x000002de0ac8d9a0 sp=0x000000e52ccfe760
Event: 5.264 Thread 0x000002de7c8a9470 DEOPT UNPACKING pc=0x000002de0a6c3aa2 sp=0x000000e52ccfe6f0 mode 2
Event: 5.272 Thread 0x000002de7c8a9470 Uncommon trap: trap_request=0xffffffde fr.pc=0x000002de0ac8d9a0 relative=0x0000000000000aa0
Event: 5.272 Thread 0x000002de7c8a9470 Uncommon trap: reason=class_check action=maybe_recompile pc=0x000002de0ac8d9a0 method=java.util.HashMap.putVal(ILjava/lang/Object;Ljava/lang/Object;ZZ)Ljava/lang/Object; @ 253 c2
Event: 5.272 Thread 0x000002de7c8a9470 DEOPT PACKING pc=0x000002de0ac8d9a0 sp=0x000000e52ccfe760
Event: 5.272 Thread 0x000002de7c8a9470 DEOPT UNPACKING pc=0x000002de0a6c3aa2 sp=0x000000e52ccfe6f0 mode 2
Event: 6.414 Thread 0x000002de7c8a9470 DEOPT PACKING pc=0x000002de03295dc3 sp=0x000000e52ccfeda0
Event: 6.414 Thread 0x000002de7c8a9470 DEOPT UNPACKING pc=0x000002de0a6c4242 sp=0x000000e52ccfe240 mode 0

Classes loaded (20 events):
Event: 5.271 Loading class java/util/ConcurrentModificationException
Event: 5.271 Loading class java/util/ConcurrentModificationException done
Event: 5.292 Loading class java/net/ContentHandler
Event: 5.293 Loading class java/net/ContentHandler done
Event: 5.341 Loading class java/net/UrlDeserializedState
Event: 5.342 Loading class java/net/UrlDeserializedState done
Event: 5.342 Loading class java/lang/reflect/InaccessibleObjectException
Event: 5.342 Loading class java/lang/reflect/InaccessibleObjectException done
Event: 5.349 Loading class java/lang/StackWalker$Option
Event: 5.350 Loading class java/lang/StackWalker$Option done
Event: 5.422 Loading class javax/xml/parsers/ParserConfigurationException
Event: 5.423 Loading class javax/xml/parsers/ParserConfigurationException done
Event: 5.431 Loading class java/security/KeyStoreException
Event: 5.431 Loading class java/security/KeyStoreException done
Event: 5.442 Loading class java/lang/Thread$Builder$OfPlatform
Event: 5.446 Loading class java/lang/Thread$Builder
Event: 5.447 Loading class java/lang/Thread$Builder done
Event: 5.447 Loading class java/lang/Thread$Builder$OfPlatform done
Event: 5.447 Loading class java/lang/Thread$Builder$OfVirtual
Event: 5.447 Loading class java/lang/Thread$Builder$OfVirtual done

Classes unloaded (0 events):
No events

Classes redefined (0 events):
No events

Internal exceptions (20 events):
Event: 2.558 Thread 0x000002de7c8a9470 Exception <a 'sun/nio/fs/WindowsException'{0x00000000d6662f18}> (0x00000000d6662f18) 
thrown [s\src\hotspot\share\prims\jni.cpp, line 520]
Event: 2.948 Thread 0x000002de7c8a9470 Exception <a 'java/lang/NoSuchMethodError'{0x00000000d6ac95c8}: 'java.lang.ClassLoader java.lang.ClassLoader.getPlatformClassLoader(java.lang.Class)'> (0x00000000d6ac95c8) 
thrown [s\src\hotspot\share\interpreter\linkResolver.cpp, line 773]
Event: 3.199 Thread 0x000002de7c8a9470 Exception <a 'java/lang/ClassNotFoundException'{0x00000000d55e31a0}: sun/net/www/protocol/c/Handler> (0x00000000d55e31a0) 
thrown [s\src\hotspot\share\classfile\systemDictionary.cpp, line 312]
Event: 3.199 Thread 0x000002de7c8a9470 Exception <a 'java/lang/ClassNotFoundException'{0x00000000d55e4580}: sun/net/www/protocol/d/Handler> (0x00000000d55e4580) 
thrown [s\src\hotspot\share\classfile\systemDictionary.cpp, line 312]
Event: 3.200 Thread 0x000002de7c8a9470 Exception <a 'java/lang/ClassNotFoundException'{0x00000000d55e5798}: sun/net/www/protocol/c/Handler> (0x00000000d55e5798) 
thrown [s\src\hotspot\share\classfile\systemDictionary.cpp, line 312]
Event: 3.219 Thread 0x000002de7c8a9470 Exception <a 'java/io/FileNotFoundException'{0x00000000d560f310}> (0x00000000d560f310) 
thrown [s\src\hotspot\share\prims\jni.cpp, line 520]
Event: 3.460 Thread 0x000002de7c8a9470 Implicit null exception at 0x000002de0ac7bec9 to 0x000002de0ac7ca0c
Event: 3.461 Thread 0x000002de7c8a9470 Implicit null exception at 0x000002de0ac7821a to 0x000002de0ac7843c
Event: 3.462 Thread 0x000002de7c8a9470 Exception <a 'java/lang/NoSuchMethodError'{0x00000000d573f508}: 'void java.lang.invoke.DirectMethodHandle$Holder.invokeStatic(java.lang.Object, java.lang.Object, java.lang.Object, java.lang.Object)'> (0x00000000d573f508) 
thrown [s\src\hotspot\share\interpreter\linkResolver.cpp, line 773]
Event: 3.464 Thread 0x000002de7c8a9470 Implicit null exception at 0x000002de0ac7629a to 0x000002de0ac764bc
Event: 3.942 Thread 0x000002de7c8a9470 Exception <a 'java/lang/NoSuchMethodError'{0x00000000d5b7f238}: 'int java.lang.invoke.DirectMethodHandle$Holder.invokeVirtual(java.lang.Object, java.lang.Object)'> (0x00000000d5b7f238) 
thrown [s\src\hotspot\share\interpreter\linkResolver.cpp, line 773]
Event: 4.967 Thread 0x000002de7c8a9470 Exception <a 'java/lang/IncompatibleClassChangeError'{0x00000000d65ff730}: Found class java.lang.Object, but interface was expected> (0x00000000d65ff730) 
thrown [s\src\hotspot\share\interpreter\linkResolver.cpp, line 840]
Event: 4.972 Thread 0x000002de7c8a9470 Exception <a 'java/lang/NoSuchMethodError'{0x00000000d66081b0}: 'void java.lang.invoke.DirectMethodHandle$Holder.invokeInterface(java.lang.Object, java.lang.Object, java.lang.Object)'> (0x00000000d66081b0) 
thrown [s\src\hotspot\share\interpreter\linkResolver.cpp, line 773]
Event: 5.075 Thread 0x000002de7c8a9470 Exception <a 'java/lang/NoSuchMethodError'{0x00000000d6825980}: 'int java.lang.invoke.DirectMethodHandle$Holder.invokeStaticInit(java.lang.Object, java.lang.Object, java.lang.Object, java.lang.Object)'> (0x00000000d6825980) 
thrown [s\src\hotspot\share\interpreter\linkResolver.cpp, line 773]
Event: 5.081 Thread 0x000002de7c8a9470 Exception <a 'java/lang/NoSuchMethodError'{0x00000000d682ff50}: 'void java.lang.invoke.DirectMethodHandle$Holder.invokeStaticInit(java.lang.Object, java.lang.Object)'> (0x00000000d682ff50) 
thrown [s\src\hotspot\share\interpreter\linkResolver.cpp, line 773]
Event: 5.083 Thread 0x000002de7c8a9470 Exception <a 'java/lang/NoSuchMethodError'{0x00000000d68353a0}: 'int java.lang.invoke.DirectMethodHandle$Holder.invokeStaticInit(java.lang.Object, java.lang.Object)'> (0x00000000d68353a0) 
thrown [s\src\hotspot\share\interpreter\linkResolver.cpp, line 773]
Event: 5.222 Thread 0x000002de7c8a9470 Exception <a 'java/lang/NoSuchMethodError'{0x00000000d6a1f3a0}: 'java.lang.Object java.lang.invoke.DirectMethodHandle$Holder.newInvokeSpecial(java.lang.Object, int, java.lang.Object)'> (0x00000000d6a1f3a0) 
thrown [s\src\hotspot\share\interpreter\linkResolver.cpp, line 773]
Event: 5.356 Thread 0x000002de7c8a9470 Exception <a 'java/lang/ClassNotFoundException'{0x00000000d6b9a520}: sun/net/www/protocol/plurl/Handler> (0x00000000d6b9a520) 
thrown [s\src\hotspot\share\classfile\systemDictionary.cpp, line 312]
Event: 5.356 Thread 0x000002de7c8a9470 Exception <a 'java/lang/ClassNotFoundException'{0x00000000d6b9b3a0}: sun/net/www/protocol/plurl/Handler> (0x00000000d6b9b3a0) 
thrown [s\src\hotspot\share\classfile\systemDictionary.cpp, line 312]
Event: 5.368 Thread 0x000002de7c8a9470 Exception <a 'java/lang/NoSuchMethodError'{0x00000000d6bdab50}: 'void java.lang.invoke.DirectMethodHandle$Holder.invokeSpecial(java.lang.Object, java.lang.Object, java.lang.Object)'> (0x00000000d6bdab50) 
thrown [s\src\hotspot\share\interpreter\linkResolver.cpp, line 773]

ZGC Phase Switch (0 events):
No events

VM Operations (20 events):
Event: 1.864 Executing safepoint VM operation: Cleanup
Event: 1.871 Executing safepoint VM operation: Cleanup done
Event: 1.874 Executing non-safepoint VM operation: HandshakeAllThreads (Deoptimize)
Event: 1.874 Executing non-safepoint VM operation: HandshakeAllThreads (Deoptimize) done
Event: 1.922 Executing non-safepoint VM operation: HandshakeAllThreads (Deoptimize)
Event: 1.922 Executing non-safepoint VM operation: HandshakeAllThreads (Deoptimize) done
Event: 2.934 Executing safepoint VM operation: Cleanup
Event: 2.934 Executing safepoint VM operation: Cleanup done
Event: 3.100 Executing safepoint VM operation: ParallelGCFailedAllocation (Allocation Failure)
Event: 3.166 Executing safepoint VM operation: ParallelGCFailedAllocation (Allocation Failure) done
Event: 4.176 Executing safepoint VM operation: Cleanup
Event: 4.176 Executing safepoint VM operation: Cleanup done
Event: 5.164 Executing non-safepoint VM operation: HandshakeAllThreads (Deoptimize)
Event: 5.164 Executing non-safepoint VM operation: HandshakeAllThreads (Deoptimize) done
Event: 5.346 Executing non-safepoint VM operation: HandshakeAllThreads (Deoptimize)
Event: 5.346 Executing non-safepoint VM operation: HandshakeAllThreads (Deoptimize) done
Event: 5.346 Executing safepoint VM operation: Cleanup
Event: 5.346 Executing safepoint VM operation: Cleanup done
Event: 6.351 Executing safepoint VM operation: Cleanup
Event: 6.351 Executing safepoint VM operation: Cleanup done

Memory protections (0 events):
No events

Nmethod flushes (0 events):
No events

Events (20 events):
Event: 1.528 Thread 0x000002de7c8a9470 Thread added: 0x000002de5d25c510
Event: 1.714 Thread 0x000002de16310640 Thread added: 0x000002de5d333140
Event: 1.855 Thread 0x000002de5d048850 Thread added: 0x000002de5d835330
Event: 2.238 Thread 0x000002de5d835330 Thread exited: 0x000002de5d835330
Event: 2.548 Thread 0x000002de5d333140 Thread exited: 0x000002de5d333140
Event: 3.006 Thread 0x000002de16310640 Thread added: 0x000002de5d6db6a0
Event: 3.199 Thread 0x000002de5d6db6a0 Thread exited: 0x000002de5d6db6a0
Event: 3.998 Thread 0x000002de16310640 Thread added: 0x000002de5d9f9af0
Event: 3.998 Thread 0x000002de16310640 Thread added: 0x000002de5d83ccd0
Event: 4.207 Thread 0x000002de5d83ccd0 Thread exited: 0x000002de5d83ccd0
Event: 4.207 Thread 0x000002de5d9f9af0 Thread exited: 0x000002de5d9f9af0
Event: 4.499 Thread 0x000002de5d048850 Thread added: 0x000002de5dd5d0f0
Event: 4.784 Thread 0x000002de7c8a9470 Thread added: 0x000002de5de15620
Event: 4.901 Thread 0x000002de5de15620 Thread added: 0x000002de5d87d4b0
Event: 4.925 Thread 0x000002de7c8a9470 Thread added: 0x000002de5d87f880
Event: 4.937 Thread 0x000002de7c8a9470 Thread added: 0x000002de5d8805a0
Event: 4.944 Thread 0x000002de7c8a9470 Thread added: 0x000002de5d871c70
Event: 4.958 Thread 0x000002de7c8a9470 Thread added: 0x000002de5d873380
Event: 5.005 Thread 0x000002de5dd5d0f0 Thread exited: 0x000002de5dd5d0f0
Event: 5.117 Thread 0x000002de7c8a9470 Thread added: 0x000002de5dbfd6d0


Dynamic libraries:
0x00007ff7de5c0000 - 0x00007ff7de5ce000 	c:\Users\Elnour Tech\.vscode\extensions\redhat.java-1.54.0-win32-x64\jre\21.0.10-win32-x86_64\bin\java.exe
0x00007ffe30200000 - 0x00007ffe30468000 	C:\WINDOWS\SYSTEM32\ntdll.dll
0x00007ffe2f810000 - 0x00007ffe2f8d9000 	C:\WINDOWS\System32\KERNEL32.DLL
0x00007ffe2da70000 - 0x00007ffe2de61000 	C:\WINDOWS\System32\KERNELBASE.dll
0x00007ffe2cd10000 - 0x00007ffe2ce5b000 	C:\WINDOWS\System32\ucrtbase.dll
0x00007ffe123e0000 - 0x00007ffe123f8000 	c:\Users\Elnour Tech\.vscode\extensions\redhat.java-1.54.0-win32-x64\jre\21.0.10-win32-x86_64\bin\jli.dll
0x00007ffe12400000 - 0x00007ffe1241e000 	c:\Users\Elnour Tech\.vscode\extensions\redhat.java-1.54.0-win32-x64\jre\21.0.10-win32-x86_64\bin\VCRUNTIME140.dll
0x00007ffe2e490000 - 0x00007ffe2e656000 	C:\WINDOWS\System32\USER32.dll
0x00007ffe2d140000 - 0x00007ffe2d167000 	C:\WINDOWS\System32\win32u.dll
0x00007ffe152c0000 - 0x00007ffe15553000 	C:\WINDOWS\WinSxS\amd64_microsoft.windows.common-controls_6595b64144ccf1df_6.0.26100.7705_none_3e06597ae3363b04\COMCTL32.dll
0x00007ffe2e690000 - 0x00007ffe2e6bb000 	C:\WINDOWS\System32\GDI32.dll
0x00007ffe2f8e0000 - 0x00007ffe2f989000 	C:\WINDOWS\System32\msvcrt.dll
0x00007ffe2de70000 - 0x00007ffe2df9b000 	C:\WINDOWS\System32\gdi32full.dll
0x00007ffe2cc60000 - 0x00007ffe2cd03000 	C:\WINDOWS\System32\msvcp_win.dll
0x00007ffe30180000 - 0x00007ffe301b1000 	C:\WINDOWS\System32\IMM32.DLL
0x00007ffe21ed0000 - 0x00007ffe21edc000 	c:\Users\Elnour Tech\.vscode\extensions\redhat.java-1.54.0-win32-x64\jre\21.0.10-win32-x86_64\bin\vcruntime140_1.dll
0x00007ffe0f3d0000 - 0x00007ffe0f45d000 	c:\Users\Elnour Tech\.vscode\extensions\redhat.java-1.54.0-win32-x64\jre\21.0.10-win32-x86_64\bin\msvcp140.dll
0x00007ffd80b70000 - 0x00007ffd81911000 	c:\Users\Elnour Tech\.vscode\extensions\redhat.java-1.54.0-win32-x64\jre\21.0.10-win32-x86_64\bin\server\jvm.dll
0x00007ffe2e860000 - 0x00007ffe2e914000 	C:\WINDOWS\System32\ADVAPI32.dll
0x00007ffe2fe60000 - 0x00007ffe2ff06000 	C:\WINDOWS\System32\sechost.dll
0x00007ffe30060000 - 0x00007ffe30178000 	C:\WINDOWS\System32\RPCRT4.dll
0x00007ffe2fc50000 - 0x00007ffe2fcc4000 	C:\WINDOWS\System32\WS2_32.dll
0x00007ffe2c960000 - 0x00007ffe2c9be000 	C:\WINDOWS\SYSTEM32\POWRPROF.dll
0x00007ffe178f0000 - 0x00007ffe17925000 	C:\WINDOWS\SYSTEM32\WINMM.dll
0x00007ffe1a200000 - 0x00007ffe1a20b000 	C:\WINDOWS\SYSTEM32\VERSION.dll
0x00007ffe2c920000 - 0x00007ffe2c934000 	C:\WINDOWS\SYSTEM32\UMPDC.dll
0x00007ffe2b890000 - 0x00007ffe2b8ab000 	C:\WINDOWS\SYSTEM32\kernel.appcore.dll
0x00007ffe123a0000 - 0x00007ffe123aa000 	c:\Users\Elnour Tech\.vscode\extensions\redhat.java-1.54.0-win32-x64\jre\21.0.10-win32-x86_64\bin\jimage.dll
0x00007ffe2aaf0000 - 0x00007ffe2ad32000 	C:\WINDOWS\SYSTEM32\DBGHELP.DLL
0x00007ffe2e0a0000 - 0x00007ffe2e426000 	C:\WINDOWS\System32\combase.dll
0x00007ffe2fb70000 - 0x00007ffe2fc47000 	C:\WINDOWS\System32\OLEAUT32.dll
0x00007ffe09870000 - 0x00007ffe098ab000 	C:\WINDOWS\SYSTEM32\dbgcore.DLL
0x00007ffe2cf20000 - 0x00007ffe2cfc5000 	C:\WINDOWS\System32\bcryptPrimitives.dll
0x00007ffe06250000 - 0x00007ffe0625f000 	c:\Users\Elnour Tech\.vscode\extensions\redhat.java-1.54.0-win32-x64\jre\21.0.10-win32-x86_64\bin\instrument.dll
0x00007ffe0f3b0000 - 0x00007ffe0f3d0000 	c:\Users\Elnour Tech\.vscode\extensions\redhat.java-1.54.0-win32-x64\jre\21.0.10-win32-x86_64\bin\java.dll
0x00007ffe2eb20000 - 0x00007ffe2f271000 	C:\WINDOWS\System32\SHELL32.dll
0x00007ffe2cfd0000 - 0x00007ffe2d13a000 	C:\WINDOWS\System32\wintypes.dll
0x00007ffe2d170000 - 0x00007ffe2d9d2000 	C:\WINDOWS\System32\windows.storage.dll
0x00007ffe2fd60000 - 0x00007ffe2fe56000 	C:\WINDOWS\System32\SHCORE.dll
0x00007ffe2fcd0000 - 0x00007ffe2fd37000 	C:\WINDOWS\System32\shlwapi.dll
0x00007ffe2ca00000 - 0x00007ffe2ca29000 	C:\WINDOWS\SYSTEM32\profapi.dll
0x00007ffe08df0000 - 0x00007ffe08e08000 	c:\Users\Elnour Tech\.vscode\extensions\redhat.java-1.54.0-win32-x64\jre\21.0.10-win32-x86_64\bin\zip.dll
0x00007ffe10460000 - 0x00007ffe10470000 	C:\Users\Elnour Tech\.vscode\extensions\redhat.java-1.54.0-win32-x64\jre\21.0.10-win32-x86_64\bin\net.dll
0x00007ffe1f2c0000 - 0x00007ffe1f3e7000 	C:\WINDOWS\SYSTEM32\WINHTTP.dll
0x00007ffe2be00000 - 0x00007ffe2be6b000 	C:\WINDOWS\system32\mswsock.dll
0x00007ffdff7d0000 - 0x00007ffdff7e6000 	C:\Users\Elnour Tech\.vscode\extensions\redhat.java-1.54.0-win32-x64\jre\21.0.10-win32-x86_64\bin\nio.dll
0x00007ffe04c00000 - 0x00007ffe04c10000 	c:\Users\Elnour Tech\.vscode\extensions\redhat.java-1.54.0-win32-x64\jre\21.0.10-win32-x86_64\bin\verify.dll

JVMTI agents:
c:\Users\Elnour Tech\.vscode\extensions\redhat.java-1.54.0-win32-x64\lombok\lombok-1.18.39-4050.jar path:c:\Users\Elnour Tech\.vscode\extensions\redhat.java-1.54.0-win32-x64\jre\21.0.10-win32-x86_64\bin\instrument.dll, loaded, initialized, instrumentlib options:none

dbghelp: loaded successfully - version: 4.0.5 - missing functions: none
symbol engine: initialized successfully - sym options: 0x614 - pdb path: .;c:\Users\Elnour Tech\.vscode\extensions\redhat.java-1.54.0-win32-x64\jre\21.0.10-win32-x86_64\bin;C:\WINDOWS\SYSTEM32;C:\WINDOWS\WinSxS\amd64_microsoft.windows.common-controls_6595b64144ccf1df_6.0.26100.7705_none_3e06597ae3363b04;c:\Users\Elnour Tech\.vscode\extensions\redhat.java-1.54.0-win32-x64\jre\21.0.10-win32-x86_64\bin\server

VM Arguments:
jvm_args: --add-modules=ALL-SYSTEM --add-opens=java.base/java.util=ALL-UNNAMED --add-opens=java.base/java.lang=ALL-UNNAMED --add-opens=java.base/sun.nio.fs=ALL-UNNAMED -Declipse.application=org.eclipse.jdt.ls.core.id1 -Dosgi.bundles.defaultStartLevel=4 -Declipse.product=org.eclipse.jdt.ls.core.product -Djava.import.generatesMetadataFilesAtProjectRoot=false -DDetectVMInstallationsJob.disabled=true -Dfile.encoding=utf8 -XX:+UseParallelGC -XX:GCTimeRatio=4 -XX:AdaptiveSizePolicyWeight=90 -Dsun.zip.disableMemoryMapping=true -Xmx2G -Xms100m -Xlog:disable -javaagent:c:\Users\Elnour Tech\.vscode\extensions\redhat.java-1.54.0-win32-x64\lombok\lombok-1.18.39-4050.jar 
java_command: c:\Users\Elnour Tech\.vscode\extensions\redhat.java-1.54.0-win32-x64\server\plugins\org.eclipse.equinox.launcher_1.7.100.v20251111-0406.jar -configuration c:\Users\Elnour Tech\AppData\Roaming\Code\User\globalStorage\redhat.java\1.54.0\config_ss_win -data c:\Users\Elnour Tech\AppData\Roaming\Code\User\workspaceStorage\5a10c4d61e05b8084665b702d96bf186\redhat.java\ss_ws --pipe=\\.\pipe\lsp-55720fb10785e5e97bea1dda9177b7a9-sock
java_class_path (initial): c:\Users\Elnour Tech\.vscode\extensions\redhat.java-1.54.0-win32-x64\server\plugins\org.eclipse.equinox.launcher_1.7.100.v20251111-0406.jar
Launcher Type: SUN_STANDARD

[Global flags]
    uintx AdaptiveSizePolicyWeight                 = 90                                        {product} {command line}
     intx CICompilerCount                          = 4                                         {product} {ergonomic}
    uintx GCTimeRatio                              = 4                                         {product} {command line}
   size_t InitialHeapSize                          = 104857600                                 {product} {command line}
   size_t MaxHeapSize                              = 2147483648                                {product} {command line}
   size_t MaxNewSize                               = 715653120                                 {product} {ergonomic}
   size_t MinHeapDeltaBytes                        = 524288                                    {product} {ergonomic}
   size_t MinHeapSize                              = 104857600                                 {product} {command line}
   size_t NewSize                                  = 34603008                                  {product} {ergonomic}
    uintx NonNMethodCodeHeapSize                   = 5839372                                {pd product} {ergonomic}
    uintx NonProfiledCodeHeapSize                  = 122909434                              {pd product} {ergonomic}
   size_t OldSize                                  = 70254592                                  {product} {ergonomic}
    uintx ProfiledCodeHeapSize                     = 122909434                              {pd product} {ergonomic}
    uintx ReservedCodeCacheSize                    = 251658240                              {pd product} {ergonomic}
     bool SegmentedCodeCache                       = true                                      {product} {ergonomic}
   size_t SoftMaxHeapSize                          = 2147483648                             {manageable} {ergonomic}
     bool UseCompressedOops                        = true                           {product lp64_product} {ergonomic}
     bool UseLargePagesIndividualAllocation        = false                                  {pd product} {ergonomic}
     bool UseParallelGC                            = true                                      {product} {command line}

Logging:
Log output configuration:
 #0: stdout all=off uptime,level,tags foldmultilines=false
 #1: stderr all=off uptime,level,tags foldmultilines=false

Release file:
JAVA_VERSION="21.0.10" 
MODULES="java.base java.compiler java.datatransfer java.xml java.prefs java.desktop java.instrument java.logging java.management java.security.sasl java.naming java.rmi java.management.rmi java.net.http java.scripting java.security.jgss java.transaction.xa java.sql java.sql.rowset java.xml.crypto java.se java.smartcardio jdk.accessibility jdk.internal.jvmstat jdk.attach jdk.charsets jdk.internal.opt jdk.zipfs jdk.compiler jdk.crypto.ec jdk.crypto.cryptoki jdk.crypto.mscapi jdk.dynalink jdk.internal.ed jdk.editpad jdk.hotspot.agent jdk.httpserver jdk.internal.le jdk.internal.vm.ci jdk.internal.vm.compiler jdk.internal.vm.compiler.management jdk.jartool jdk.javadoc jdk.jcmd jdk.management jdk.management.agent jdk.jconsole jdk.jdeps jdk.jdwp.agent jdk.jdi jdk.jfr jdk.jshell jdk.jsobject jdk.jstatd jdk.localedata jdk.management.jfr jdk.naming.dns jdk.naming.rmi jdk.net jdk.nio.mapmode jdk.random jdk.sctp jdk.security.auth jdk.security.jgss jdk.unsupported jdk.unsupported.desktop jdk.xml.dom" 

Environment Variables:
PATH=C:\Users\Elnour Tech\AppData\Local\Programs\Microsoft VS Code;C:\Program Files (x86)\NVIDIA Corporation\PhysX\Common;C:\Program Files\Common Files\Oracle\Java\javapath;C:\WINDOWS\system32;C:\WINDOWS;C:\WINDOWS\System32\Wbem;C:\WINDOWS\System32\WindowsPowerShell\v1.0\;C:\WINDOWS\System32\OpenSSH\;C:\msys64\mingw64\bin;C:\Program Files\Git\cmd;C:\Program Files\nodejs\;C:\Program Files (x86)\Microsoft SQL Server\170\Tools\Binn\;C:\Program Files\Microsoft SQL Server\170\Tools\Binn\;C:\Program Files\Microsoft SQL Server\Client SDK\ODBC\180\Tools\Binn\;C:\Program Files\Microsoft SQL Server\170\DTS\Binn\;C:\Program Files\Microsoft SQL Server\Client SDK\ODBC\170\Tools\Binn\;C:\Program Files (x86)\Windows Kits\10\Windows Performance Toolkit\;C:\Program Files\dotnet\;C:\Users\Elnour Tech\AppData\Local\Microsoft\WindowsApps;C:\Users\Elnour Tech\AppData\Local\Programs\Microsoft VS Code\bin;C:\Users\Elnour Tech\AppData\Roaming\npm;C:\Users\Elnour Tech\AppData\Local\Microsoft\WinGet\Packages\Microsoft.devtunnel_Microsoft.Winget.Source_8wekyb3d8bbwe;C:\Users\Elnour Tech\.dotnet\tools;C:\Users\Elnour Tech\AppData\Local\Programs\Antigravity\bin;C:\Users\Elnour Tech\AppData\Local\Python\bin
USERNAME=Elnour Tech
OS=Windows_NT
PROCESSOR_IDENTIFIER=Intel64 Family 6 Model 142 Stepping 10, GenuineIntel
TMP=C:\Users\ELNOUR~1\AppData\Local\Temp
TEMP=C:\Users\ELNOUR~1\AppData\Local\Temp




Periodic native trim disabled

---------------  S Y S T E M  ---------------

OS:
 Windows 11 , 64 bit Build 26100 (10.0.26100.7705)
OS uptime: 0 days 0:44 hours

CPU: total 8 (initial active 8) (4 cores per cpu, 2 threads per core) family 6 model 142 stepping 10 microcode 0xf6, cx8, cmov, fxsr, ht, mmx, 3dnowpref, sse, sse2, sse3, ssse3, sse4.1, sse4.2, popcnt, lzcnt, tsc, tscinvbit, avx, avx2, aes, erms, clmul, bmi1, bmi2, rtm, adx, fma, vzeroupper, clflush, clflushopt, rdtscp, f16c
Processor Information for the first 8 processors :
  Max Mhz: 1896, Current Mhz: 1696, Mhz Limit: 1687

Memory: 4k page, system-wide physical 7555M (873M free)
TotalPageFile size 11873M (AvailPageFile size 4M)
current process WorkingSet (physical memory assigned to process): 88M, peak: 91M
current process commit charge ("private bytes"): 240M, peak: 242M

vm_info: OpenJDK 64-Bit Server VM (21.0.10+7-LTS) for windows-amd64 JRE (21.0.10+7-LTS), built on 2026-01-20T00:00:00Z by "admin" with MS VC++ 17.12 (VS2022)

END.
